<?xml version="1.0" encoding="UTF-8"?>
<testng-results skipped="0" failed="0" total="1" passed="1">
  <reporter-output>
  </reporter-output>
  <suite name="Default suite" duration-ms="74422" started-at="2021-04-12T07:38:58Z" finished-at="2021-04-12T07:40:12Z">
    <groups>
    </groups>
    <test name="Default test" duration-ms="74422" started-at="2021-04-12T07:38:58Z" finished-at="2021-04-12T07:40:12Z">
      <class name="testCase.BookTicket">
        <test-method status="PASS" signature="bookTicket()[pri:0, instance:testCase.BookTicket@f6c48ac]" name="bookTicket" duration-ms="74395" started-at="2021-04-12T13:08:58Z" finished-at="2021-04-12T13:10:12Z">
          <reporter-output>
          </reporter-output>
        </test-method> <!-- bookTicket -->
      </class> <!-- testCase.BookTicket -->
    </test> <!-- Default test -->
  </suite> <!-- Default suite -->
</testng-results>
